2026-04-20T16:04:06.3665043Z State: Starting, Action: EstablishingSiteNetworks, LastError: , LastErrorTimestamp: 01/01/0001 00:00:00, LastErrorDetails: , Details: , DetailsLevel: INFO
2026-04-20T16:04:09.1185216Z State: Starting, Action: StartingSiteContainers, LastError: , LastErrorTimestamp: 01/01/0001 00:00:00, LastErrorDetails: , Details: , DetailsLevel: INFO
2026-04-20T16:04:09.1189163Z Container start method called.
2026-04-20T16:04:09.1189940Z State: Starting, Action: PullingImage, LastError: , LastErrorTimestamp: 01/01/0001 00:00:00, LastErrorDetails: , Details: Pulling image 10.1.0.6:13209/appsvc/node:20-lts_20260115.4.tuxprod for invoice-forge-app., DetailsLevel: INFO
2026-04-20T16:04:09.1191228Z Establishing network.
2026-04-20T16:04:09.1197522Z Pulling image: appsvc/node:20-lts_20260115.4.tuxprod.
2026-04-20T16:04:09.4436343Z Container is starting.
2026-04-20T16:04:09.4437208Z State: Starting, Action: MountingVolumes, LastError: , LastErrorTimestamp: 01/01/0001 00:00:00, LastErrorDetails: , Details: Mounting volumes for invoice-forge-app., DetailsLevel: INFO
2026-04-20T16:04:09.4437961Z Establishing user namespace if not established already.
2026-04-20T16:04:09.4530758Z Establishing network if not established already.
2026-04-20T16:04:09.4611402Z Mounting volumes.
2026-04-20T16:04:09.4616208Z Nested mountpoint 
2026-04-20T16:04:09.4806501Z Nested mountpoint volatile/logs
2026-04-20T16:04:09.5034078Z Nested mountpoint 
2026-04-20T16:04:09.5225589Z Nested mountpoint 
2026-04-20T16:04:09.5235717Z Nested mountpoint 
2026-04-20T16:04:10.1658364Z State: Starting, Action: CreatingContainer, LastError: , LastErrorTimestamp: 01/01/0001 00:00:00, LastErrorDetails: , Details: Finished pulling container image and mounting volumes for invoice-forge-app. Allocatinng the rest of the container resources to finish container creation., DetailsLevel: INFO
2026-04-20T16:04:10.1757045Z Creating container.
2026-04-20T16:04:10.1857492Z Creating pipes for streaming container io.
2026-04-20T16:04:10.1951181Z Creating stdout named pipe at /podr/container/pipe/22c548df2d7d_invoice-forge-app/stdout_ce336b79bc674069899a4fded267abdd.
2026-04-20T16:04:10.1960945Z Successfully created stdout named pipe at: /podr/container/pipe/22c548df2d7d_invoice-forge-app/stdout_ce336b79bc674069899a4fded267abdd.
2026-04-20T16:04:10.2951996Z Opening named pipe /podr/container/pipe/22c548df2d7d_invoice-forge-app/stdout_ce336b79bc674069899a4fded267abdd for reading in non-blocking mode.
2026-04-20T16:04:10.2958632Z Successfully opened named pipe: /podr/container/pipe/22c548df2d7d_invoice-forge-app/stdout_ce336b79bc674069899a4fded267abdd.
2026-04-20T16:04:10.2965610Z Successfully removed non-blocking flag from /podr/container/pipe/22c548df2d7d_invoice-forge-app/stdout_ce336b79bc674069899a4fded267abdd.
2026-04-20T16:04:10.2969417Z Creating stderr named pipe at /podr/container/pipe/22c548df2d7d_invoice-forge-app/stderr_41342569b692499daff12be6fb6a68e7.
2026-04-20T16:04:10.2971220Z Successfully created stderr named pipe at: /podr/container/pipe/22c548df2d7d_invoice-forge-app/stderr_41342569b692499daff12be6fb6a68e7.
2026-04-20T16:04:10.2974242Z Opening named pipe /podr/container/pipe/22c548df2d7d_invoice-forge-app/stderr_41342569b692499daff12be6fb6a68e7 for reading in non-blocking mode.
2026-04-20T16:04:10.2976552Z Successfully opened named pipe: /podr/container/pipe/22c548df2d7d_invoice-forge-app/stderr_41342569b692499daff12be6fb6a68e7.
2026-04-20T16:04:10.2978679Z Successfully removed non-blocking flag from /podr/container/pipe/22c548df2d7d_invoice-forge-app/stderr_41342569b692499daff12be6fb6a68e7.
2026-04-20T16:04:10.3071251Z Creating container with image: appsvc/node:20-lts_20260115.4.tuxprod from registry: 10.1.0.6:13209 and fully qualified image name: 10.1.0.6:13209/appsvc/node:20-lts_20260115.4.tuxprod
2026-04-20T16:04:11.0401044Z Starting container: 22c548df2d7d_invoice-forge-app.
2026-04-20T16:04:11.1303689Z Starting watchers and probes.
2026-04-20T16:04:11.1321297Z Starting metrics collection.
2026-04-20T16:04:11.1325267Z Container is running.
2026-04-20T16:04:11.1517289Z State: Starting, Action: CreatingContainer, LastError: , LastErrorTimestamp: 01/01/0001 00:00:00, LastErrorDetails: , Details: Container invoice-forge-app successfully created and is running., DetailsLevel: INFO
2026-04-20T16:04:11.4033388Z Container start method finished after 2284 ms.
2026-04-20T16:04:11.4311776Z State: Starting, Action: InitiatingSiteWarmUpProbe, LastError: , LastErrorTimestamp: 01/01/0001 00:00:00, LastErrorDetails: , Details: Container invoice-forge-app successfully created and is running., DetailsLevel: INFO
2026-04-20T16:04:11.4312198Z State: Starting, Action: WaitingForSiteWarmUpProbeSuccess, LastError: , LastErrorTimestamp: 01/01/0001 00:00:00, LastErrorDetails: , Details: Pinging warmup path to ensure container is ready to receive requests., DetailsLevel: INFO
2026-04-20T16:04:37.9633838Z Container has finished running with exit code: 1.
2026-04-20T16:04:37.9825154Z Container is terminating. Grace period: 5 seconds.
2026-04-20T16:04:38.0321578Z Stop and delete container. Retry count = 0
2026-04-20T16:04:38.0415297Z Stopping container: 22c548df2d7d_invoice-forge-app.
2026-04-20T16:04:38.2324814Z Deleting container: 22c548df2d7d_invoice-forge-app. Retry count = 0
2026-04-20T16:04:38.7149630Z Container spec TerminationMessagePolicy  path 
2026-04-20T16:04:38.7266668Z Container is terminated. Total time elapsed: 734 ms.
2026-04-20T16:04:38.7275104Z Site container: invoice-forge-app terminated during site startup.
2026-04-20T16:04:38.7363673Z State: Stopping, Action: CancellingStartup, LastError: , LastErrorTimestamp: 01/01/0001 00:00:00, LastErrorDetails: , Details: Site container: invoice-forge-app terminated during site startup. Cancelling site startup., DetailsLevel: ERR
2026-04-20T16:04:38.7850674Z Site startup probe failed after 27.3203884 seconds.
2026-04-20T16:04:39.0088806Z State: Stopping, Action: CancellingStartup, LastError: ContainerTimeout, LastErrorTimestamp: 04/20/2026 16:04:38, LastErrorDetails: Container did not start within expected time limit of 230s. Please inspect your container logs for more details., Details: Site container: invoice-forge-app terminated during site startup. Cancelling site startup., DetailsLevel: ERR
2026-04-20T16:04:39.0273102Z Failed to start site. Revert by stopping site.
2026-04-20T16:04:39.0574232Z State: Stopping, Action: StoppingSite, LastError: ContainerTimeout, LastErrorTimestamp: 04/20/2026 16:04:38, LastErrorDetails: Container did not start within expected time limit of 230s. Please inspect your container logs for more details., Details: Site container: invoice-forge-app terminated during site startup. Cancelling site startup., DetailsLevel: ERR
2026-04-20T16:04:39.0787979Z State: Stopping, Action: StoppingSiteContainers, LastError: ContainerTimeout, LastErrorTimestamp: 04/20/2026 16:04:38, LastErrorDetails: Container did not start within expected time limit of 230s. Please inspect your container logs for more details., Details: Site container: invoice-forge-app terminated during site startup. Cancelling site startup., DetailsLevel: ERR
2026-04-20T16:04:39.0870048Z Site: invoice-forge-app stopped.
2026-04-20T16:05:00.5063498Z State: Stopping, Action: StoppingSite, LastError: , LastErrorTimestamp: 01/01/0001 00:00:00, LastErrorDetails: , Details: Site started at 04/16/2026 16:36:29 (UTC), DetailsLevel: INFO
2026-04-20T16:05:00.5131513Z State: Stopping, Action: StoppingSiteContainers, LastError: , LastErrorTimestamp: 01/01/0001 00:00:00, LastErrorDetails: , Details: Site started at 04/16/2026 16:36:29 (UTC), DetailsLevel: INFO
2026-04-20T16:05:00.5134001Z Container is terminating. Grace period: 5 seconds.
2026-04-20T16:05:00.5451984Z Stop and delete container. Retry count = 0
2026-04-20T16:05:00.5529307Z Stopping container: 0cf683caf8c4_invoice-forge-app.
2026-04-20T16:05:05.8589769Z Deleting container: 0cf683caf8c4_invoice-forge-app. Retry count = 0
2026-04-20T16:05:06.2749995Z Container spec TerminationMessagePolicy  path 
2026-04-20T16:05:06.2834425Z Container is terminated. Total time elapsed: 5761 ms.
2026-04-20T16:05:06.2933356Z Site: invoice-forge-app stopped.
2026-04-20T16:04:39.1192039Z State: Stopping, Action: UnmountingVolumes, LastError: ContainerTimeout, LastErrorTimestamp: 04/20/2026 16:04:38, LastErrorDetails: Container did not start within expected time limit of 230s. Please inspect your container logs for more details., Details: Site container: invoice-forge-app terminated during site startup. Cancelling site startup., DetailsLevel: ERR
2026-04-20T16:04:39.7033535Z State: Stopping, Action: StoppingSiteNetworks, LastError: ContainerTimeout, LastErrorTimestamp: 04/20/2026 16:04:38, LastErrorDetails: Container did not start within expected time limit of 230s. Please inspect your container logs for more details., Details: Site container: invoice-forge-app terminated during site startup. Cancelling site startup., DetailsLevel: ERR
2026-04-20T16:04:40.1460484Z State: Stopped, Action: None, LastError: ContainerTimeout, LastErrorTimestamp: 04/20/2026 16:04:38, LastErrorDetails: Container did not start within expected time limit of 230s. Please inspect your container logs for more details., Details: Site stopped at 04/20/2026 16:04:40 (UTC), DetailsLevel: ERR
2026-04-20T16:04:40.1865167Z State: Stopped, Action: None, LastError: ContainerTimeout, LastErrorTimestamp: 04/20/2026 16:04:38, LastErrorDetails: Container did not start within expected time limit of 230s. Please inspect your container logs for more details., Details: Site stopped at 04/20/2026 16:04:40 (UTC), DetailsLevel: ERR
2026-04-20T16:12:02.2114604Z State: Starting, Action: EstablishingSiteNetworks, LastError: ContainerTimeout, LastErrorTimestamp: 04/20/2026 16:04:38, LastErrorDetails: Container did not start within expected time limit of 230s. Please inspect your container logs for more details., Details: Site stopped at 04/20/2026 16:04:40 (UTC), DetailsLevel: ERR
2026-04-20T16:12:04.3813428Z State: Starting, Action: StartingSiteContainers, LastError: ContainerTimeout, LastErrorTimestamp: 04/20/2026 16:04:38, LastErrorDetails: Container did not start within expected time limit of 230s. Please inspect your container logs for more details., Details: Site stopped at 04/20/2026 16:04:40 (UTC), DetailsLevel: ERR
2026-04-20T16:12:04.3815521Z Container start method called.
2026-04-20T16:12:04.3816385Z State: Starting, Action: PullingImage, LastError: ContainerTimeout, LastErrorTimestamp: 04/20/2026 16:04:38, LastErrorDetails: Container did not start within expected time limit of 230s. Please inspect your container logs for more details., Details: Pulling image 10.1.0.6:13209/appsvc/node:20-lts_20260115.4.tuxprod for invoice-forge-app., DetailsLevel: INFO
2026-04-20T16:12:04.3817556Z Establishing network.
2026-04-20T16:12:04.3823930Z Pulling image: appsvc/node:20-lts_20260115.4.tuxprod.
2026-04-20T16:12:04.7742048Z Container is starting.
2026-04-20T16:12:04.7743268Z State: Starting, Action: MountingVolumes, LastError: ContainerTimeout, LastErrorTimestamp: 04/20/2026 16:04:38, LastErrorDetails: Container did not start within expected time limit of 230s. Please inspect your container logs for more details., Details: Mounting volumes for invoice-forge-app., DetailsLevel: INFO
2026-04-20T16:12:04.7744474Z Establishing user namespace if not established already.
2026-04-20T16:12:04.7745621Z Establishing network if not established already.
2026-04-20T16:12:04.7746831Z Mounting volumes.
2026-04-20T16:12:04.7762942Z Nested mountpoint 
2026-04-20T16:12:04.8453297Z Nested mountpoint volatile/logs
2026-04-20T16:12:04.8540902Z Nested mountpoint 
2026-04-20T16:12:04.8546757Z Nested mountpoint 
2026-04-20T16:12:04.8844811Z Nested mountpoint 
2026-04-20T16:12:05.9932745Z State: Starting, Action: CreatingContainer, LastError: ContainerTimeout, LastErrorTimestamp: 04/20/2026 16:04:38, LastErrorDetails: Container did not start within expected time limit of 230s. Please inspect your container logs for more details., Details: Finished pulling container image and mounting volumes for invoice-forge-app. Allocatinng the rest of the container resources to finish container creation., DetailsLevel: INFO
2026-04-20T16:12:06.0518101Z Creating container.
2026-04-20T16:12:06.0520828Z Creating pipes for streaming container io.
2026-04-20T16:12:06.0525678Z Creating stdout named pipe at /podr/container/pipe/16fbb6ca5f15_invoice-forge-app/stdout_ab83667fa8ce4b0ba3618491f05a4b3a.
2026-04-20T16:12:06.0617960Z Successfully created stdout named pipe at: /podr/container/pipe/16fbb6ca5f15_invoice-forge-app/stdout_ab83667fa8ce4b0ba3618491f05a4b3a.
2026-04-20T16:12:06.0618968Z Opening named pipe /podr/container/pipe/16fbb6ca5f15_invoice-forge-app/stdout_ab83667fa8ce4b0ba3618491f05a4b3a for reading in non-blocking mode.
2026-04-20T16:12:06.0620277Z Successfully opened named pipe: /podr/container/pipe/16fbb6ca5f15_invoice-forge-app/stdout_ab83667fa8ce4b0ba3618491f05a4b3a.
2026-04-20T16:12:06.0621039Z Successfully removed non-blocking flag from /podr/container/pipe/16fbb6ca5f15_invoice-forge-app/stdout_ab83667fa8ce4b0ba3618491f05a4b3a.
2026-04-20T16:12:06.0622305Z Creating stderr named pipe at /podr/container/pipe/16fbb6ca5f15_invoice-forge-app/stderr_d8b80fa88e3244409b1526053e23321a.
2026-04-20T16:12:06.0631809Z Successfully created stderr named pipe at: /podr/container/pipe/16fbb6ca5f15_invoice-forge-app/stderr_d8b80fa88e3244409b1526053e23321a.
2026-04-20T16:12:06.0633324Z Opening named pipe /podr/container/pipe/16fbb6ca5f15_invoice-forge-app/stderr_d8b80fa88e3244409b1526053e23321a for reading in non-blocking mode.
2026-04-20T16:12:06.0634449Z Successfully opened named pipe: /podr/container/pipe/16fbb6ca5f15_invoice-forge-app/stderr_d8b80fa88e3244409b1526053e23321a.
2026-04-20T16:12:06.0635252Z Successfully removed non-blocking flag from /podr/container/pipe/16fbb6ca5f15_invoice-forge-app/stderr_d8b80fa88e3244409b1526053e23321a.
2026-04-20T16:12:06.0636471Z Creating container with image: appsvc/node:20-lts_20260115.4.tuxprod from registry: 10.1.0.6:13209 and fully qualified image name: 10.1.0.6:13209/appsvc/node:20-lts_20260115.4.tuxprod
2026-04-20T16:12:07.3509887Z Starting container: 16fbb6ca5f15_invoice-forge-app.
2026-04-20T16:12:07.4213646Z Starting watchers and probes.
2026-04-20T16:12:07.4225151Z Starting metrics collection.
2026-04-20T16:12:07.4228688Z Container is running.
2026-04-20T16:12:07.4229743Z State: Starting, Action: CreatingContainer, LastError: ContainerTimeout, LastErrorTimestamp: 04/20/2026 16:04:38, LastErrorDetails: Container did not start within expected time limit of 230s. Please inspect your container logs for more details., Details: Container invoice-forge-app successfully created and is running., DetailsLevel: INFO
2026-04-20T16:12:07.6428453Z Container start method finished after 3260 ms.
2026-04-20T16:12:07.6430423Z State: Starting, Action: InitiatingSiteWarmUpProbe, LastError: ContainerTimeout, LastErrorTimestamp: 04/20/2026 16:04:38, LastErrorDetails: Container did not start within expected time limit of 230s. Please inspect your container logs for more details., Details: Container invoice-forge-app successfully created and is running., DetailsLevel: INFO
2026-04-20T16:12:07.6430719Z State: Starting, Action: WaitingForSiteWarmUpProbeSuccess, LastError: ContainerTimeout, LastErrorTimestamp: 04/20/2026 16:04:38, LastErrorDetails: Container did not start within expected time limit of 230s. Please inspect your container logs for more details., Details: Pinging warmup path to ensure container is ready to receive requests., DetailsLevel: INFO
